<?xml version="1.0"?><coverage lines-covered="5158" lines-valid="6648" line-rate="0.7758724428399518" branches-covered="0" branches-valid="0" branch-rate="0" complexity="0" version="1.9" timestamp="1784437541"><sources><source>/home/void/projects/robotics/thalos/backend</source></sources><packages><package name="crates/thalos-api/src/features/motion/dto" line-rate="0" branch-rate="0" complexity="0"><classes></classes></package><package name="crates/thalos-api/src/http" line-rate="1" branch-rate="0" complexity="0"><classes><class name="mod" filename="crates/thalos-api/src/http/mod.rs" line-rate="1" branch-rate="0" complexity="0"><methods/><lines><line number="10" hits="14"/><line number="11" hits="13"/><line number="13" hits="101"/><line number="14" hits="28"/><line number="15" hits="15"/><line number="16" hits="21"/><line number="17" hits="19"/><line number="18" hits="16"/></lines></class></classes></package><package name="crates/thalos-core/src/analysis" line-rate="0.7937743190661478" branch-rate="0" complexity="0"><classes></classes></package><package name="crates/thalos-core/src/analysis/workspace" line-rate="0.9347826086956522" branch-rate="0" complexity="0"><classes><class name="config" filename="crates/thalos-core/src/analysis/workspace/config.rs" line-rate="1" branch-rate="0" complexity="0"><methods/><lines><line number="17" hits="2"/></lines></class><class name="reachability" filename="crates/thalos-core/src/analysis/workspace/reachability.rs" line-rate="0" branch-rate="0" complexity="0"><methods/><lines><line number="16" hits="0"/><line number="17" hits="0"/><line number="18" hits="0"/><line number="19" hits="0"/><line number="20" hits="0"/></lines></class><class name="sampler" filename="crates/thalos-core/src/analysis/workspace/sampler.rs" line-rate="0.9642857142857143" branch-rate="0" complexity="0"><methods/><lines><line number="32" hits="8"/><line number="38" hits="2"/><line number="45" hits="12"/><line number="52" hits="5"/><line number="53" hits="1"/><line number="56" hits="12"/><line number="58" hits="33"/><line number="59" hits="40"/><line number="62" hits="30"/><line number="65" hits="29"/><line number="66" hits="29"/><line number="67" hits="29"/><line number="68" hits="14"/><line number="69" hits="15"/><line number="70" hits="15"/><line number="76" hits="8"/><line number="77" hits="29"/><line number="79" hits="24"/><line number="80" hits="2"/><line number="81" hits="1"/><line number="83" hits="22"/><line number="84" hits="15"/><line number="87" hits="14"/><line number="90" hits="11"/><line number="95" hits="14"/><line number="96" hits="15"/><line number="100" hits="0"/><line number="102" hits="14"/></lines></class><class name="workspace" filename="crates/thalos-core/src/analysis/workspace/workspace.rs" line-rate="1" branch-rate="0" complexity="0"><methods/><lines><line number="38" hits="5"/><line number="39" hits="11"/><line number="40" hits="1"/><line number="44" hits="11"/><line number="45" hits="6"/><line number="46" hits="7"/><line number="47" hits="8"/><line number="48" hits="8"/><line number="50" hits="6"/><line number="51" hits="8"/><line number="53" hits="12"/><line number="54" hits="13"/><line number="55" hits="13"/><line number="56" hits="15"/><line number="57" hits="9"/><line number="58" hits="11"/><line number="60" hits="5"/><line number="62" hits="12"/><line number="63" hits="12"/><line number="64" hits="12"/><line number="67" hits="7"/><line number="68" hits="5"/><line number="69" hits="8"/><line number="70" hits="5"/><line number="72" hits="5"/><line number="73" hits="8"/><line number="74" hits="5"/><line number="75" hits="8"/><line number="77" hits="8"/><line number="78" hits="5"/><line number="86" hits="4"/><line number="87" hits="4"/><line number="91" hits="3"/><line number="92" hits="3"/><line number="96" hits="3"/><line number="97" hits="3"/><line number="109" hits="7"/><line number="115" hits="5"/><line number="116" hits="7"/><line number="118" hits="7"/><line number="121" hits="11"/><line number="122" hits="7"/><line number="123" hits="4"/><line number="124" hits="6"/><line number="125" hits="5"/><line number="127" hits="6"/><line number="129" hits="6"/><line number="131" hits="7"/><line number="132" hits="4"/><line number="134" hits="3"/><line number="141" hits="7"/><line number="142" hits="9"/><line number="143" hits="3"/><line number="148" hits="4"/><line number="151" hits="5"/><line number="152" hits="14"/><line number="153" hits="2"/><line number="155" hits="6"/></lines></class></classes></package><package name="crates/thalos-runtime/examples" line-rate="0" branch-rate="0" complexity="0"><classes></classes></package><package name="crates/thalos-runtime/src/backends/controller" line-rate="0.46496815286624205" branch-rate="0" complexity="0"><classes><class name="mod" filename="crates/thalos-runtime/src/backends/controller/mod.rs" line-rate="0" branch-rate="0" complexity="0"><methods/><lines><line number="84" hits="0"/><line number="85" hits="0"/><line number="89" hits="0"/><line number="90" hits="0"/><line number="94" hits="0"/><line number="95" hits="0"/><line number="102" hits="0"/><line number="103" hits="0"/><line number="115" hits="0"/><line number="116" hits="0"/><line number="120" hits="0"/><line number="126" hits="0"/><line number="130" hits="0"/><line number="131" hits="0"/></lines></class><class name="simulation" filename="crates/thalos-runtime/src/backends/controller/simulation.rs" line-rate="0.5104895104895105" branch-rate="0" complexity="0"><methods/><lines><line number="33" hits="15"/><line number="34" hits="4"/><line number="36" hits="24"/><line number="37" hits="17"/><line number="38" hits="7"/><line number="39" hits="17"/><line number="41" hits="26"/><line number="49" hits="0"/><line number="50" hits="0"/><line number="51" hits="0"/><line number="52" hits="0"/><line number="53" hits="0"/><line number="54" hits="0"/><line number="59" hits="9"/><line number="60" hits="4"/><line number="61" hits="5"/><line number="62" hits="2"/><line number="64" hits="4"/><line number="67" hits="1"/><line number="71" hits="1"/><line number="72" hits="1"/><line number="76" hits="1"/><line number="77" hits="1"/><line number="78" hits="1"/><line number="79" hits="1"/><line number="80" hits="1"/><line number="81" hits="1"/><line number="83" hits="2"/><line number="85" hits="1"/><line number="86" hits="3"/><line number="89" hits="2"/><line number="92" hits="1"/><line number="97" hits="1"/><line number="102" hits="1"/><line number="111" hits="1"/><line number="118" hits="1"/><line number="124" hits="105"/><line number="125" hits="36"/><line number="126" hits="0"/><line number="128" hits="23"/><line number="131" hits="12"/><line number="132" hits="2"/><line number="133" hits="2"/><line number="136" hits="0"/><line number="137" hits="0"/><line number="140" hits="4"/><line number="145" hits="2"/><line number="146" hits="0"/><line number="148" hits="2"/><line number="149" hits="0"/><line number="152" hits="2"/><line number="153" hits="1"/><line number="154" hits="1"/><line number="156" hits="1"/><line number="157" hits="2"/><line number="158" hits="1"/><line number="161" hits="1"/><line number="164" hits="1"/><line number="169" hits="1"/><line number="174" hits="1"/><line number="179" hits="1"/><line number="185" hits="1"/><line number="187" hits="1"/><line number="190" hits="0"/><line number="191" hits="0"/><line number="192" hits="0"/><line number="193" hits="0"/><line number="194" hits="0"/><line number="195" hits="0"/><line number="196" hits="0"/><line number="197" hits="0"/><line number="198" hits="0"/><line number="200" hits="0"/><line number="203" hits="6"/><line number="204" hits="2"/><line number="205" hits="2"/><line number="206" hits="1"/><line number="207" hits="2"/><line number="208" hits="1"/><line number="209" hits="1"/><line number="211" hits="1"/><line number="214" hits="6"/><line number="215" hits="2"/><line number="216" hits="2"/><line number="217" hits="1"/><line number="218" hits="2"/><line number="219" hits="1"/><line number="220" hits="1"/><line number="222" hits="1"/><line number="225" hits="12"/><line number="226" hits="5"/><line number="227" hits="2"/><line number="230" hits="12"/><line number="231" hits="4"/><line number="234" hits="0"/><line number="235" hits="0"/><line number="241" hits="0"/><line number="242" hits="0"/><line number="243" hits="0"/><line number="245" hits="0"/><line number="248" hits="0"/><line number="249" hits="0"/><line number="250" hits="0"/><line number="253" hits="0"/><line number="254" hits="0"/><line number="257" hits="0"/><line number="258" hits="0"/><line number="259" hits="0"/><line number="260" hits="0"/><line number="261" hits="0"/><line number="262" hits="0"/><line number="263" hits="0"/><line number="264" hits="0"/><line number="265" hits="0"/><line number="266" hits="0"/><line number="267" hits="0"/><line number="269" hits="0"/><line number="270" hits="0"/><line number="275" hits="0"/><line number="280" hits="0"/><line number="288" hits="0"/><line number="291" hits="0"/><line number="292" hits="0"/><line number="293" hits="0"/><line number="294" hits="0"/><line number="295" hits="0"/><line number="296" hits="0"/><line number="297" hits="0"/><line number="301" hits="0"/><line number="302" hits="0"/><line number="303" hits="0"/><line number="304" hits="0"/><line number="305" hits="0"/><line number="306" hits="0"/><line number="310" hits="0"/><line number="311" hits="0"/><line number="312" hits="0"/><line number="313" hits="0"/><line number="314" hits="0"/><line number="315" hits="0"/><line number="322" hits="0"/><line number="325" hits="0"/><line number="326" hits="0"/></lines></class></classes></package><package name="crates/thalos-core/src/trajectory" line-rate="0.8" branch-rate="0" complexity="0"><classes><class name="mod" filename="crates/thalos-core/src/trajectory/mod.rs" line-rate="0.8461538461538461" branch-rate="0" complexity="0"><methods/><lines><line number="19" hits="18"/><line number="23" hits="12"/><line number="24" hits="10"/><line number="27" hits="1"/><line number="28" hits="1"/><line number="31" hits="0"/><line number="32" hits="0"/><line number="35" hits="10"/><line number="36" hits="10"/><line number="39" hits="1"/><line number="40" hits="1"/><line number="44" hits="3"/><line number="45" hits="14"/></lines></class><class name="point" filename="crates/thalos-core/src/trajectory/point.rs" line-rate="0.7142857142857143" branch-rate="0" complexity="0"><methods/><lines><line number="9" hits="13"/><line number="13" hits="10"/><line number="14" hits="12"/><line number="17" hits="3"/><line number="18" hits="3"/><line number="21" hits="0"/><line number="22" hits="0"/></lines></class></classes></package><package name="crates/thalos-runtime/src/services" line-rate="0.7777777777777778" branch-rate="0" complexity="0"><classes><class name="manipulability" filename="crates/thalos-runtime/src/services/manipulability.rs" line-rate="0.9" branch-rate="0" complexity="0"><methods/><lines><line number="21" hits="1"/><line number="25" hits="1"/><line number="26" hits="1"/><line number="29" hits="1"/><line number="30" hits="2"/><line number="33" hits="2"/><line number="37" hits="2"/><line number="44" hits="2"/><line number="49" hits="2"/><line number="50" hits="0"/><line number="53" hits="2"/><line number="55" hits="4"/><line number="56" hits="2"/><line number="57" hits="2"/><line number="59" hits="4"/><line number="60" hits="4"/><line number="61" hits="0"/><line number="63" hits="2"/><line number="66" hits="2"/><line number="68" hits="1"/></lines></class><class name="plan_analysis" filename="crates/thalos-runtime/src/services/plan_analysis.rs" line-rate="0.9230769230769231" branch-rate="0" complexity="0"><methods/><lines><line number="52" hits="1"/><line number="58" hits="1"/><line number="59" hits="1"/><line number="62" hits="1"/><line number="63" hits="1"/><line number="65" hits="1"/><line number="66" hits="0"/><line number="69" hits="2"/><line number="73" hits="1"/><line number="74" hits="2"/><line number="76" hits="1"/><line number="77" hits="1"/><line number="78" hits="1"/></lines></class><class name="scene" filename="crates/thalos-runtime/src/services/scene.rs" line-rate="0.7195121951219512" branch-rate="0" complexity="0"><methods/><lines><line number="28" hits="1"/><line number="30" hits="1"/><line number="31" hits="1"/><line number="32" hits="0"/><line number="33" hits="1"/><line number="34" hits="1"/><line number="35" hits="0"/><line number="36" hits="0"/><line number="37" hits="0"/><line number="39" hits="1"/><line number="55" hits="28"/><line number="60" hits="18"/><line number="61" hits="37"/><line number="62" hits="28"/><line number="63" hits="38"/><line number="64" hits="29"/><line number="67" hits="9"/><line number="73" hits="7"/><line number="74" hits="13"/><line number="75" hits="13"/><line number="78" hits="13"/><line number="82" hits="20"/><line number="85" hits="8"/><line number="86" hits="7"/><line number="87" hits="8"/><line number="88" hits="9"/><line number="89" hits="8"/><line number="90" hits="9"/><line number="93" hits="8"/><line number="95" hits="10"/><line number="96" hits="16"/><line number="103" hits="1"/><line number="107" hits="2"/><line number="108" hits="2"/><line number="109" hits="2"/><line number="110" hits="2"/><line number="112" hits="2"/><line number="113" hits="2"/><line number="116" hits="2"/><line number="117" hits="2"/><line number="118" hits="1"/><line number="119" hits="1"/><line number="120" hits="1"/><line number="121" hits="0"/><line number="122" hits="0"/><line number="123" hits="0"/><line number="130" hits="2"/><line number="131" hits="1"/><line number="132" hits="2"/><line number="133" hits="2"/><line number="134" hits="2"/><line number="135" hits="2"/><line number="138" hits="2"/><line number="140" hits="2"/><line number="141" hits="1"/><line number="146" hits="36"/><line number="147" hits="20"/><line number="148" hits="20"/><line number="152" hits="16"/><line number="153" hits="8"/><line number="156" hits="8"/><line number="157" hits="8"/><line number="161" hits="7"/><line number="163" hits="6"/><line number="164" hits="6"/><line number="166" hits="3"/><line number="167" hits="3"/><line number="170" hits="6"/><line number="173" hits="6"/><line number="174" hits="7"/><line number="177" hits="1"/><line number="182" hits="2"/><line number="183" hits="2"/><line number="184" hits="1"/><line number="185" hits="2"/><line number="186" hits="2"/><line number="187" hits="2"/><line number="193" hits="8"/><line number="195" hits="4"/><line number="196" hits="4"/><line number="198" hits="2"/><line number="199" hits="4"/><line number="205" hits="1"/><line number="206" hits="1"/><line number="207" hits="1"/><line number="208" hits="3"/><line number="209" hits="1"/><line number="211" hits="0"/><line number="212" hits="0"/><line number="213" hits="0"/><line number="214" hits="0"/><line number="216" hits="0"/><line number="219" hits="4"/><line number="220" hits="2"/><line number="221" hits="1"/><line number="222" hits="2"/><line number="223" hits="2"/><line number="225" hits="2"/><line number="226" hits="1"/><line number="227" hits="2"/><line number="228" hits="1"/><line number="229" hits="2"/><line number="231" hits="0"/><line number="232" hits="0"/><line number="235" hits="4"/><line number="236" hits="2"/><line number="238" hits="2"/><line number="239" hits="2"/><line number="240" hits="1"/><line number="241" hits="1"/><line number="243" hits="0"/><line number="244" hits="0"/><line number="247" hits="4"/><line number="248" hits="2"/><line number="250" hits="2"/><line number="251" hits="2"/><line number="252" hits="1"/><line number="253" hits="1"/><line number="255" hits="0"/><line number="256" hits="0"/><line number="259" hits="0"/><line number="260" hits="0"/><line number="262" hits="0"/><line number="263" hits="0"/><line number="264" hits="0"/><line number="265" hits="0"/><line number="267" hits="0"/><line number="268" hits="0"/><line number="271" hits="0"/><line number="272" hits="0"/><line number="273" hits="0"/><line number="274" hits="0"/><line number="275" hits="0"/><line number="277" hits="0"/><line number="278" hits="0"/><line number="279" hits="0"/><line number="280" hits="0"/><line number="281" hits="0"/><line number="283" hits="0"/><line number="284" hits="0"/><line number="291" hits="9"/><line number="293" hits="4"/><line number="294" hits="4"/><line number="295" hits="5"/><line number="299" hits="4"/><line number="300" hits="4"/><line number="301" hits="2"/><line number="302" hits="4"/><line number="304" hits="4"/><line number="307" hits="4"/><line number="310" hits="4"/><line number="312" hits="4"/><line number="313" hits="2"/><line number="314" hits="4"/><line number="315" hits="2"/><line number="317" hits="4"/><line number="322" hits="0"/><line number="323" hits="0"/><line number="324" hits="0"/><line number="325" hits="0"/><line number="326" hits="0"/><line number="327" hits="0"/><line number="328" hits="0"/><line number="330" hits="0"/></lines></class><class name="singularity" filename="crates/thalos-runtime/src/services/singularity.rs" line-rate="0.9" branch-rate="0" complexity="0"><methods/><lines><line number="21" hits="1"/><line number="26" hits="2"/><line number="27" hits="1"/><line number="30" hits="2"/><line number="31" hits="2"/><line number="34" hits="1"/><line number="39" hits="2"/><line number="46" hits="2"/><line number="52" hits="2"/><line number="53" hits="0"/><line number="56" hits="2"/><line number="58" hits="4"/><line number="59" hits="2"/><line number="60" hits="2"/><line number="62" hits="4"/><line number="63" hits="2"/><line number="64" hits="0"/><line number="66" hits="1"/><line number="69" hits="1"/><line number="71" hits="1"/></lines></class><class name="workspace" filename="crates/thalos-runtime/src/services/workspace.rs" line-rate="0.9411764705882353" branch-rate="0" complexity="0"><methods/><lines><line number="20" hits="2"/><line number="24" hits="3"/><line number="25" hits="1"/><line number="28" hits="3"/><line number="29" hits="3"/><line number="33" hits="2"/><line number="37" hits="2"/><line number="44" hits="2"/><line number="49" hits="2"/><line number="50" hits="0"/><line number="53" hits="2"/><line number="55" hits="7"/><line number="56" hits="2"/><line number="57" hits="2"/><line number="59" hits="10"/><line number="65" hits="2"/><line number="70" hits="2"/></lines></class></classes></package><package name="crates/thalos-visual/src" line-rate="0.7049891540130152" branch-rate="0" complexity="0"><classes><class name="builder" filename="crates/thalos-visual/src/builder.rs" line-rate="0.676056338028169" branch-rate="0" complexity="0"><methods/><lines><line number="17" hits="1"/><line number="18" hits="1"/><line number="19" hits="1"/><line number="20" hits="0"/><line number="22" hits="1"/><line number="27" hits="1"/><line number="28" hits="1"/><line number="29" hits="1"/><line number="30" hits="1"/><line number="33" hits="1"/><line number="34" hits="0"/><line number="37" hits="2"/><line number="38" hits="0"/><line number="42" hits="1"/><line number="43" hits="1"/><line number="44" hits="1"/><line number="45" hits="2"/><line number="47" hits="2"/><line number="49" hits="1"/><line number="50" hits="2"/><line number="51" hits="1"/><line number="57" hits="1"/><line number="64" hits="1"/><line number="65" hits="1"/><line number="66" hits="1"/><line number="67" hits="2"/><line number="69" hits="1"/><line number="70" hits="0"/><line number="73" hits="2"/><line number="74" hits="1"/><line number="77" hits="2"/><line number="78" hits="1"/><line number="81" hits="2"/><line number="95" hits="2"/><line number="97" hits="3"/><line number="98" hits="2"/><line number="103" hits="0"/><line number="104" hits="0"/><line number="105" hits="0"/><line number="116" hits="0"/><line number="117" hits="0"/><line number="118" hits="0"/><line number="121" hits="3"/><line number="122" hits="2"/><line number="123" hits="3"/><line number="124" hits="2"/><line number="129" hits="5"/><line number="133" hits="5"/><line number="134" hits="2"/><line number="135" hits="3"/><line number="141" hits="3"/><line number="142" hits="7"/><line number="144" hits="3"/><line number="145" hits="3"/><line number="146" hits="2"/><line number="147" hits="2"/><line number="148" hits="5"/><line number="149" hits="2"/><line number="150" hits="2"/><line number="153" hits="2"/><line number="154" hits="5"/><line number="155" hits="3"/><line number="157" hits="3"/><line number="158" hits="2"/><line number="159" hits="5"/><line number="160" hits="5"/><line number="161" hits="3"/><line number="162" hits="2"/><line number="166" hits="2"/><line number="167" hits="3"/><line number="168" hits="3"/><line number="169" hits="3"/><line number="170" hits="2"/><line number="173" hits="2"/><line number="174" hits="3"/><line number="176" hits="2"/><line number="177" hits="2"/><line number="178" hits="3"/><line number="187" hits="3"/><line number="188" hits="2"/><line number="201" hits="0"/><line number="202" hits="0"/><line number="204" hits="0"/><line number="205" hits="0"/><line number="207" hits="0"/><line number="211" hits="0"/><line number="212" hits="0"/><line number="215" hits="0"/><line number="217" hits="0"/><line number="220" hits="0"/><line number="221" hits="0"/><line number="222" hits="0"/><line number="223" hits="0"/><line number="224" hits="0"/><line number="225" hits="0"/><line number="226" hits="0"/><line number="230" hits="0"/><line number="233" hits="0"/><line number="234" hits="0"/><line number="236" hits="0"/><line number="237" hits="0"/><line number="239" hits="0"/><line number="241" hits="0"/><line number="242" hits="0"/><line number="244" hits="0"/><line number="245" hits="0"/><line number="246" hits="0"/><line number="247" hits="0"/><line number="248" hits="0"/><line number="249" hits="0"/><line number="251" hits="0"/><line number="252" hits="0"/><line number="253" hits="0"/><line number="254" hits="0"/><line number="257" hits="0"/><line number="260" hits="0"/><line number="263" hits="3"/><line number="264" hits="2"/><line number="265" hits="3"/><line number="266" hits="2"/><line number="269" hits="1"/><line number="276" hits="3"/><line number="277" hits="2"/><line number="278" hits="2"/><line number="279" hits="2"/><line number="280" hits="3"/><line number="282" hits="3"/><line number="283" hits="3"/><line number="286" hits="3"/><line number="287" hits="2"/><line number="288" hits="2"/><line number="289" hits="3"/><line number="291" hits="3"/><line number="292" hits="2"/><line number="293" hits="6"/><line number="294" hits="2"/><line number="298" hits="2"/><line number="299" hits="3"/><line number="302" hits="2"/><line number="303" hits="3"/><line number="304" hits="2"/><line number="305" hits="3"/></lines></class><class name="mapper" filename="crates/thalos-visual/src/mapper.rs" line-rate="0" branch-rate="0" complexity="0"><methods/><lines><line number="6" hits="0"/><line number="7" hits="0"/><line number="10" hits="0"/><line number="11" hits="0"/><line number="12" hits="0"/><line number="13" hits="0"/><line number="15" hits="0"/><line number="20" hits="0"/><line number="21" hits="0"/><line number="22" hits="0"/><line number="24" hits="0"/><line number="25" hits="0"/><line number="26" hits="0"/><line number="27" hits="0"/><line number="30" hits="0"/><line number="40" hits="0"/><line number="41" hits="0"/><line number="43" hits="0"/><line number="44" hits="0"/><line number="48" hits="0"/><line number="52" hits="0"/><line number="53" hits="0"/><line number="57" hits="0"/><line number="58" hits="0"/><line number="60" hits="0"/><line number="62" hits="0"/><line number="67" hits="0"/></lines></class><class name="scara" filename="crates/thalos-visual/src/scara.rs" line-rate="1" branch-rate="0" complexity="0"><methods/><lines><line number="22" hits="1"/><line number="23" hits="1"/><line number="24" hits="1"/><line number="27" hits="2"/><line number="28" hits="1"/><line number="29" hits="1"/><line number="31" hits="1"/><line number="32" hits="1"/><line number="33" hits="1"/><line number="35" hits="1"/><line number="36" hits="1"/><line number="37" hits="1"/><line number="38" hits="1"/><line number="40" hits="1"/><line number="41" hits="1"/><line number="42" hits="1"/><line number="43" hits="1"/><line number="45" hits="1"/><line number="46" hits="1"/><line number="47" hits="1"/><line number="48" hits="1"/><line number="52" hits="1"/><line number="53" hits="1"/><line number="54" hits="2"/><line number="55" hits="1"/><line number="60" hits="4"/><line number="61" hits="1"/><line number="65" hits="2"/><line number="66" hits="2"/><line number="69" hits="2"/></lines></class><class name="trajectory" filename="crates/thalos-visual/src/trajectory.rs" line-rate="1" branch-rate="0" complexity="0"><methods/><lines><line number="82" hits="2"/><line number="88" hits="4"/><line number="89" hits="3"/><line number="91" hits="7"/><line number="93" hits="2"/><line number="94" hits="6"/><line number="95" hits="7"/><line number="97" hits="4"/><line number="98" hits="6"/><line number="99" hits="6"/><line number="100" hits="1"/><line number="101" hits="6"/><line number="102" hits="1"/><line number="103" hits="6"/><line number="104" hits="1"/><line number="105" hits="4"/><line number="106" hits="4"/><line number="107" hits="3"/><line number="111" hits="3"/><line number="112" hits="1"/><line number="113" hits="6"/><line number="114" hits="3"/><line number="115" hits="9"/><line number="116" hits="3"/><line number="118" hits="3"/><line number="121" hits="3"/><line number="124" hits="3"/><line number="125" hits="3"/><line number="126" hits="3"/><line number="138" hits="2"/><line number="139" hits="4"/><line number="140" hits="3"/><line number="141" hits="4"/><line number="142" hits="5"/><line number="143" hits="4"/></lines></class><class name="validator" filename="crates/thalos-visual/src/validator.rs" line-rate="0.9401709401709402" branch-rate="0" complexity="0"><methods/><lines><line number="18" hits="1"/><line number="19" hits="1"/><line number="20" hits="1"/><line number="21" hits="1"/><line number="22" hits="1"/><line number="23" hits="1"/><line number="24" hits="0"/><line number="25" hits="1"/><line number="26" hits="1"/><line number="28" hits="1"/><line number="29" hits="1"/><line number="30" hits="1"/><line number="47" hits="0"/><line number="51" hits="4"/><line number="52" hits="2"/><line number="53" hits="2"/><line number="54" hits="2"/><line number="55" hits="1"/><line number="56" hits="1"/><line number="57" hits="1"/><line number="58" hits="1"/><line number="59" hits="1"/><line number="60" hits="1"/><line number="61" hits="1"/><line number="64" hits="4"/><line number="65" hits="7"/><line number="66" hits="1"/><line number="68" hits="3"/><line number="71" hits="2"/><line number="72" hits="3"/><line number="73" hits="5"/><line number="74" hits="6"/><line number="75" hits="1"/><line number="78" hits="2"/><line number="81" hits="2"/><line number="82" hits="6"/><line number="83" hits="4"/><line number="84" hits="4"/><line number="85" hits="2"/><line number="86" hits="1"/><line number="90" hits="2"/><line number="93" hits="2"/><line number="94" hits="4"/><line number="97" hits="3"/><line number="98" hits="1"/><line number="99" hits="3"/><line number="100" hits="3"/><line number="101" hits="3"/><line number="102" hits="2"/><line number="104" hits="6"/><line number="107" hits="1"/><line number="110" hits="1"/><line number="111" hits="1"/><line number="112" hits="2"/><line number="113" hits="2"/><line number="114" hits="1"/><line number="118" hits="1"/><line number="119" hits="3"/><line number="120" hits="2"/><line number="122" hits="1"/><line number="123" hits="2"/><line number="124" hits="1"/><line number="125" hits="1"/><line number="126" hits="1"/><line number="132" hits="2"/><line number="133" hits="2"/><line number="134" hits="0"/><line number="137" hits="1"/><line number="140" hits="1"/><line number="141" hits="2"/><line number="142" hits="2"/><line number="143" hits="1"/><line number="144" hits="0"/><line number="147" hits="2"/><line number="148" hits="1"/><line number="149" hits="0"/><line number="153" hits="2"/><line number="154" hits="2"/><line number="155" hits="1"/><line number="156" hits="0"/><line number="159" hits="2"/><line number="160" hits="1"/><line number="161" hits="0"/><line number="165" hits="1"/><line number="168" hits="1"/><line number="169" hits="2"/><line number="170" hits="1"/><line number="171" hits="1"/><line number="172" hits="1"/><line number="173" hits="1"/><line number="174" hits="1"/><line number="175" hits="1"/><line number="179" hits="1"/><line number="182" hits="1"/><line number="183" hits="3"/><line number="186" hits="1"/><line number="187" hits="2"/><line number="188" hits="2"/><line number="189" hits="1"/><line number="190" hits="1"/><line number="195" hits="1"/><line number="196" hits="4"/><line number="197" hits="2"/><line number="198" hits="1"/><line number="199" hits="1"/><line number="200" hits="1"/><line number="201" hits="1"/><line number="202" hits="1"/><line number="204" hits="1"/><line number="205" hits="1"/><line number="208" hits="1"/><line number="211" hits="1"/><line number="212" hits="1"/><line number="213" hits="1"/><line number="214" hits="2"/><line number="215" hits="1"/><line number="217" hits="1"/></lines></class><class name="workspace" filename="crates/thalos-visual/src/workspace.rs" line-rate="0" branch-rate="0" complexity="0"><methods/><lines><line number="38" hits="0"/><line number="42" hits="0"/><line number="45" hits="0"/><line number="49" hits="0"/><line number="81" hits="0"/><line number="82" hits="0"/><line number="83" hits="0"/><line number="84" hits="0"/><line number="87" hits="0"/><line number="88" hits="0"/><line number="89" hits="0"/><line number="90" hits="0"/><line number="93" hits="0"/><line number="94" hits="0"/><line number="95" hits="0"/><line number="115" hits="0"/><line number="116" hits="0"/><line number="117" hits="0"/><line number="119" hits="0"/></lines></class></classes></package><package name="crates/thalos-visual/src/scene" line-rate="0.5934065934065934" branch-rate="0" complexity="0"><classes><class name="diff" filename="crates/thalos-visual/src/scene/diff.rs" line-rate="0.918918918918919" branch-rate="0" complexity="0"><methods/><lines><line number="15" hits="1"/><line number="16" hits="4"/><line number="18" hits="4"/><line number="21" hits="1"/><line number="23" hits="2"/><line number="24" hits="2"/><line number="25" hits="0"/><line number="29" hits="1"/><line number="30" hits="2"/><line number="31" hits="0"/><line number="35" hits="1"/><line number="36" hits="2"/><line number="37" hits="1"/><line number="38" hits="1"/><line number="40" hits="1"/><line number="41" hits="2"/><line number="42" hits="1"/><line number="43" hits="1"/><line number="44" hits="1"/><line number="50" hits="1"/><line number="61" hits="1"/><line number="62" hits="1"/><line number="63" hits="1"/><line number="64" hits="1"/><line number="65" hits="1"/><line number="68" hits="1"/><line number="69" hits="1"/><line number="71" hits="1"/><line number="72" hits="1"/><line number="73" hits="1"/><line number="75" hits="1"/><line number="76" hits="0"/><line number="79" hits="1"/><line number="80" hits="1"/><line number="83" hits="1"/><line number="84" hits="1"/><line number="85" hits="1"/></lines></class><class name="mod" filename="crates/thalos-visual/src/scene/mod.rs" line-rate="0.19047619047619047" branch-rate="0" complexity="0"><methods/><lines><line number="40" hits="0"/><line number="42" hits="0"/><line number="43" hits="0"/><line number="44" hits="0"/><line number="45" hits="0"/><line number="46" hits="0"/><line number="51" hits="0"/><line number="53" hits="0"/><line number="54" hits="0"/><line number="55" hits="0"/><line number="56" hits="0"/><line number="57" hits="0"/><line number="62" hits="0"/><line number="64" hits="0"/><line number="65" hits="0"/><line number="66" hits="0"/><line number="67" hits="0"/><line number="68" hits="0"/><line number="73" hits="0"/><line number="74" hits="0"/><line number="75" hits="0"/><line number="78" hits="0"/><line number="79" hits="0"/><line number="80" hits="0"/><line number="83" hits="0"/><line number="84" hits="0"/><line number="85" hits="0"/><line number="139" hits="0"/><line number="141" hits="0"/><line number="142" hits="0"/><line number="143" hits="0"/><line number="144" hits="0"/><line number="145" hits="0"/><line number="146" hits="0"/><line number="171" hits="3"/><line number="177" hits="2"/><line number="178" hits="3"/><line number="179" hits="2"/><line number="194" hits="3"/><line number="195" hits="2"/><line number="197" hits="3"/><line number="198" hits="2"/></lines></class><class name="precision" filename="crates/thalos-visual/src/scene/precision.rs" line-rate="1" branch-rate="0" complexity="0"><methods/><lines><line number="7" hits="3"/><line number="16" hits="3"/><line number="17" hits="5"/><line number="18" hits="3"/><line number="20" hits="3"/><line number="21" hits="2"/><line number="25" hits="2"/><line number="26" hits="5"/><line number="27" hits="2"/><line number="31" hits="2"/><line number="32" hits="5"/><line number="33" hits="2"/></lines></class></classes></package><package name="crates/thalos-api/src/features/scene/dto/mappers" line-rate="0.8565217391304348" branch-rate="0" complexity="0"><classes><class name="delta" filename="crates/thalos-api/src/features/scene/dto/mappers/delta.rs" line-rate="0.9130434782608695" branch-rate="0" complexity="0"><methods/><lines><line number="9" hits="1"/><line number="10" hits="1"/><line number="12" hits="3"/><line number="13" hits="1"/><line number="14" hits="0"/><line number="15" hits="1"/><line number="16" hits="1"/><line number="17" hits="1"/><line number="18" hits="0"/><line number="19" hits="0"/><line number="22" hits="1"/><line number="23" hits="1"/><line number="24" hits="1"/><line number="25" hits="1"/><line number="27" hits="2"/><line number="34" hits="1"/><line number="49" hits="1"/><line number="50" hits="1"/><line number="53" hits="2"/><line number="54" hits="2"/><line number="55" hits="1"/><line number="57" hits="1"/><line number="58" hits="1"/><line number="59" hits="2"/><line number="61" hits="1"/><line number="62" hits="3"/><line number="66" hits="1"/><line number="67" hits="1"/><line number="68" hits="1"/><line number="69" hits="2"/><line number="70" hits="1"/><line number="75" hits="1"/><line number="76" hits="2"/><line number="80" hits="1"/><line number="81" hits="1"/><line number="83" hits="1"/><line number="84" hits="1"/><line number="85" hits="1"/><line number="86" hits="1"/><line number="87" hits="1"/><line number="88" hits="1"/><line number="90" hits="1"/><line number="94" hits="1"/><line number="95" hits="1"/><line number="96" hits="1"/><line number="98" hits="1"/><line number="99" hits="1"/><line number="102" hits="1"/><line number="106" hits="1"/><line number="112" hits="1"/><line number="113" hits="1"/><line number="114" hits="1"/><line number="115" hits="0"/><line number="117" hits="1"/><line number="119" hits="1"/><line number="120" hits="1"/><line number="122" hits="1"/><line number="123" hits="0"/><line number="125" hits="1"/><line number="126" hits="0"/><line number="129" hits="1"/><line number="130" hits="1"/><line number="131" hits="1"/><line number="132" hits="1"/><line number="134" hits="1"/><line number="135" hits="1"/><line number="137" hits="1"/><line number="138" hits="1"/><line number="140" hits="1"/></lines></class><class name="plan" filename="crates/thalos-api/src/features/scene/dto/mappers/plan.rs" line-rate="1" branch-rate="0" complexity="0"><methods/><lines><line number="13" hits="1"/><line number="15" hits="4"/><line number="16" hits="5"/><line number="17" hits="1"/><line number="22" hits="4"/><line number="24" hits="8"/><line number="47" hits="4"/><line number="48" hits="3"/><line number="49" hits="4"/><line number="56" hits="1"/><line number="61" hits="4"/><line number="63" hits="3"/><line number="64" hits="4"/><line number="65" hits="3"/><line number="66" hits="1"/><line number="69" hits="4"/><line number="70" hits="4"/><line number="71" hits="10"/><line number="73" hits="1"/><line number="76" hits="4"/><line number="79" hits="1"/><line number="80" hits="1"/><line number="87" hits="1"/><line number="89" hits="3"/><line number="90" hits="10"/><line number="96" hits="2"/><line number="98" hits="3"/><line number="99" hits="4"/><line number="100" hits="2"/><line number="101" hits="3"/><line number="102" hits="3"/></lines></class><class name="runtime" filename="crates/thalos-api/src/features/scene/dto/mappers/runtime.rs" line-rate="0.65" branch-rate="0" complexity="0"><methods/><lines><line number="8" hits="0"/><line number="10" hits="0"/><line number="11" hits="0"/><line number="12" hits="0"/><line number="18" hits="1"/><line number="19" hits="1"/><line number="20" hits="1"/><line number="21" hits="0"/><line number="24" hits="1"/><line number="25" hits="1"/><line number="26" hits="1"/><line number="28" hits="0"/><line number="40" hits="3"/><line number="47" hits="5"/><line number="48" hits="5"/><line number="51" hits="0"/><line number="52" hits="0"/><line number="53" hits="0"/><line number="54" hits="0"/><line number="69" hits="2"/><line number="71" hits="5"/><line number="79" hits="5"/><line number="80" hits="3"/><line number="89" hits="2"/><line number="92" hits="3"/><line number="93" hits="4"/><line number="97" hits="7"/><line number="98" hits="3"/><line number="99" hits="0"/><line number="100" hits="2"/><line number="101" hits="2"/><line number="102" hits="0"/><line number="103" hits="0"/><line number="104" hits="0"/><line number="107" hits="2"/><line number="110" hits="3"/><line number="112" hits="1"/><line number="114" hits="1"/><line number="115" hits="1"/><line number="118" hits="5"/></lines></class><class name="visual" filename="crates/thalos-api/src/features/scene/dto/mappers/visual.rs" line-rate="0.8555555555555555" branch-rate="0" complexity="0"><methods/><lines><line number="14" hits="2"/><line number="16" hits="3"/><line number="17" hits="2"/><line number="18" hits="3"/><line number="19" hits="2"/><line number="20" hits="3"/><line number="21" hits="2"/><line number="22" hits="3"/><line number="28" hits="2"/><line number="30" hits="3"/><line number="31" hits="2"/><line number="32" hits="3"/><line number="33" hits="2"/><line number="34" hits="3"/><line number="40" hits="2"/><line number="42" hits="3"/><line number="43" hits="2"/><line number="44" hits="3"/><line number="50" hits="1"/><line number="52" hits="2"/><line number="53" hits="3"/><line number="59" hits="0"/><line number="61" hits="0"/><line number="62" hits="0"/><line number="63" hits="0"/><line number="69" hits="1"/><line number="70" hits="2"/><line number="79" hits="1"/><line number="81" hits="2"/><line number="82" hits="1"/><line number="83" hits="2"/><line number="84" hits="1"/><line number="85" hits="2"/><line number="86" hits="1"/><line number="92" hits="3"/><line number="94" hits="5"/><line number="95" hits="5"/><line number="96" hits="5"/><line number="97" hits="5"/><line number="98" hits="5"/><line number="99" hits="2"/><line number="105" hits="1"/><line number="107" hits="1"/><line number="108" hits="1"/><line number="109" hits="1"/><line number="115" hits="1"/><line number="117" hits="1"/><line number="118" hits="1"/><line number="119" hits="2"/><line number="128" hits="1"/><line number="130" hits="2"/><line number="131" hits="2"/><line number="132" hits="2"/><line number="133" hits="2"/><line number="134" hits="2"/><line number="135" hits="2"/><line number="136" hits="2"/><line number="142" hits="2"/><line number="144" hits="3"/><line number="145" hits="2"/><line number="146" hits="3"/><line number="147" hits="2"/><line number="148" hits="3"/><line number="154" hits="1"/><line number="156" hits="1"/><line number="157" hits="1"/><line number="158" hits="1"/><line number="164" hits="2"/><line number="166" hits="2"/><line number="167" hits="2"/><line number="173" hits="1"/><line number="175" hits="1"/><line number="176" hits="1"/><line number="177" hits="1"/><line number="183" hits="0"/><line number="184" hits="0"/><line number="193" hits="0"/><line number="195" hits="0"/><line number="196" hits="0"/><line number="197" hits="0"/><line number="198" hits="0"/><line number="199" hits="0"/><line number="200" hits="0"/><line number="206" hits="4"/><line number="208" hits="6"/><line number="209" hits="2"/><line number="210" hits="3"/><line number="211" hits="5"/><line number="212" hits="5"/><line number="213" hits="3"/></lines></class></classes></package><package name="crates/thalos-api/src" line-rate="0.6305125148986889" branch-rate="0" complexity="0"><classes><class name="main" filename="crates/thalos-api/src/main.rs" line-rate="0" branch-rate="0" complexity="0"><methods/><lines><line number="9" hits="0"/><line number="10" hits="0"/><line number="11" hits="0"/><line number="14" hits="0"/><line number="16" hits="0"/><line number="17" hits="0"/><line number="18" hits="0"/><line number="20" hits="0"/><line number="21" hits="0"/><line number="23" hits="0"/><line number="24" hits="0"/></lines></class></classes></package><package name="crates/thalos-math/src/geometry/dual_quaternion" line-rate="0.8823529411764706" branch-rate="0" complexity="0"><classes><class name="adapters" filename="crates/thalos-math/src/geometry/dual_quaternion/adapters.rs" line-rate="1" branch-rate="0" complexity="0"><methods/><lines><line number="5" hits="1"/><line number="6" hits="1"/><line number="7" hits="1"/><line number="8" hits="1"/><line number="9" hits="1"/><line number="10" hits="1"/><line number="12" hits="1"/><line number="17" hits="1"/><line number="18" hits="1"/><line number="19" hits="1"/><line number="21" hits="1"/></lines></class><class name="model" filename="crates/thalos-math/src/geometry/dual_quaternion/model.rs" line-rate="0.9411764705882353" branch-rate="0" complexity="0"><methods/><lines><line number="10" hits="0"/><line number="15" hits="1"/><line number="17" hits="1"/><line number="18" hits="1"/><line number="23" hits="2"/><line number="27" hits="2"/><line number="28" hits="2"/><line number="29" hits="2"/><line number="30" hits="2"/><line number="36" hits="1"/><line number="37" hits="1"/><line number="38" hits="1"/><line number="39" hits="2"/><line number="40" hits="2"/><line number="41" hits="2"/><line number="46" hits="1"/><line number="47" hits="1"/></lines></class><class name="ops" filename="crates/thalos-math/src/geometry/dual_quaternion/ops.rs" line-rate="0.5" branch-rate="0" complexity="0"><methods/><lines><line number="10" hits="1"/><line number="12" hits="1"/><line number="13" hits="1"/><line number="22" hits="0"/><line number="24" hits="0"/><line number="25" hits="0"/></lines></class></classes></package><package name="crates/thalos-core/src/spatial" line-rate="0.675" branch-rate="0" complexity="0"><classes><class name="pose" filename="crates/thalos-core/src/spatial/pose.rs" line-rate="1" branch-rate="0" complexity="0"><methods/><lines><line number="13" hits="16"/><line number="17" hits="3"/><line number="18" hits="3"/><line number="21" hits="3"/><line number="22" hits="3"/><line number="25" hits="10"/><line number="26" hits="8"/><line number="29" hits="1"/><line number="30" hits="1"/><line number="33" hits="10"/><line number="34" hits="11"/></lines></class></classes></package><package name="crates/thalos-planning/src/goal" line-rate="0.6666666666666666" branch-rate="0" complexity="0"><classes><class name="policy" filename="crates/thalos-planning/src/goal/policy.rs" line-rate="0.8148148148148148" branch-rate="0" complexity="0"><methods/><lines><line number="13" hits="7"/><line number="23" hits="5"/><line number="24" hits="8"/><line number="25" hits="5"/><line number="27" hits="14"/><line number="28" hits="18"/><line number="32" hits="5"/><line number="37" hits="17"/><line number="38" hits="19"/><line number="39" hits="9"/><line number="42" hits="5"/><line number="47" hits="10"/><line number="48" hits="0"/><line number="49" hits="13"/><line number="50" hits="3"/><line number="52" hits="0"/><line number="61" hits="5"/><line number="68" hits="18"/><line number="69" hits="4"/><line number="70" hits="5"/><line number="71" hits="0"/><line number="74" hits="5"/><line number="75" hits="8"/><line number="76" hits="0"/><line number="79" hits="5"/><line number="80" hits="0"/><line number="87" hits="14"/></lines></class><class name="resolver" filename="crates/thalos-planning/src/goal/resolver.rs" line-rate="0.625" branch-rate="0" complexity="0"><methods/><lines><line number="28" hits="5"/><line number="30" hits="5"/><line number="42" hits="7"/><line number="46" hits="0"/><line number="51" hits="0"/><line number="53" hits="0"/><line number="55" hits="0"/><line number="58" hits="0"/><line number="59" hits="0"/><line number="65" hits="0"/><line number="67" hits="0"/><line number="68" hits="0"/><line number="71" hits="0"/><line number="72" hits="0"/><line number="73" hits="0"/><line number="75" hits="0"/><line number="76" hits="0"/><line number="77" hits="0"/><line number="78" hits="0"/><line number="80" hits="0"/><line number="81" hits="0"/><line number="85" hits="7"/><line number="90" hits="7"/><line number="92" hits="7"/><line number="93" hits="13"/><line number="96" hits="8"/><line number="97" hits="8"/><line number="99" hits="8"/><line number="100" hits="12"/><line number="101" hits="8"/><line number="102" hits="6"/><line number="108" hits="6"/><line number="109" hits="6"/><line number="110" hits="8"/><line number="114" hits="8"/><line number="115" hits="11"/><line number="116" hits="14"/><line number="117" hits="9"/><line number="122" hits="7"/><line number="127" hits="7"/><line number="128" hits="20"/><line number="129" hits="7"/><line number="132" hits="9"/><line number="136" hits="9"/><line number="137" hits="0"/><line number="141" hits="17"/><line number="143" hits="6"/><line number="144" hits="8"/><line number="145" hits="0"/><line number="146" hits="0"/><line number="148" hits="0"/><line number="149" hits="0"/><line number="153" hits="14"/><line number="155" hits="8"/><line number="158" hits="8"/><line number="163" hits="6"/><line number="164" hits="8"/><line number="165" hits="0"/><line number="167" hits="14"/><line number="168" hits="6"/><line number="170" hits="8"/><line number="171" hits="7"/><line number="172" hits="14"/><line number="173" hits="5"/></lines></class><class name="types" filename="crates/thalos-planning/src/goal/types.rs" line-rate="0.5" branch-rate="0" complexity="0"><methods/><lines><line number="10" hits="0"/><line number="11" hits="0"/><line number="14" hits="8"/><line number="15" hits="5"/><line number="72" hits="5"/><line number="75" hits="5"/><line number="79" hits="0"/><line number="80" hits="0"/></lines></class></classes></package><package name="crates/thalos-core/src/spatial/frame" line-rate="0.5517241379310345" branch-rate="0" complexity="0"><classes><class name="frame" filename="crates/thalos-core/src/spatial/frame/frame.rs" line-rate="0.36363636363636365" branch-rate="0" complexity="0"><methods/><lines><line number="8" hits="28"/><line number="14" hits="0"/><line number="15" hits="0"/><line number="16" hits="0"/><line number="17" hits="0"/><line number="29" hits="30"/><line number="33" hits="0"/><line number="36" hits="0"/><line number="40" hits="0"/><line number="44" hits="3"/><line number="45" hits="2"/></lines></class><class name="registry" filename="crates/thalos-core/src/spatial/frame/registry.rs" line-rate="0.6666666666666666" branch-rate="0" complexity="0"><methods/><lines><line number="11" hits="37"/><line number="12" hits="34"/><line number="15" hits="28"/><line number="16" hits="44"/><line number="17" hits="44"/><line number="20" hits="28"/><line number="21" hits="45"/><line number="24" hits="71"/><line number="29" hits="6"/><line number="30" hits="6"/><line number="33" hits="45"/><line number="34" hits="19"/><line number="37" hits="0"/><line number="38" hits="0"/><line number="39" hits="0"/><line number="46" hits="0"/><line number="49" hits="0"/><line number="50" hits="0"/></lines></class></classes></package><package name="crates/thalos-core/src/models/planar_2r" line-rate="0.7916666666666666" branch-rate="0" complexity="0"><classes><class name="factory" filename="crates/thalos-core/src/models/planar_2r/factory.rs" line-rate="1" branch-rate="0" complexity="0"><methods/><lines><line number="3" hits="20"/><line number="10" hits="30"/><line number="11" hits="64"/><line number="12" hits="22"/><line number="16" hits="32"/><line number="20" hits="27"/><line number="23" hits="25"/><line number="25" hits="34"/><line number="32" hits="38"/><line number="36" hits="28"/><line number="39" hits="29"/><line number="41" hits="39"/><line number="46" hits="39"/><line number="47" hits="29"/></lines></class><class name="spec" filename="crates/thalos-core/src/models/planar_2r/spec.rs" line-rate="0.5" branch-rate="0" complexity="0"><methods/><lines><line number="13" hits="0"/><line number="18" hits="10"/><line number="22" hits="1"/><line number="29" hits="30"/><line number="30" hits="20"/><line number="31" hits="30"/><line number="34" hits="0"/><line number="35" hits="0"/><line number="37" hits="0"/><line number="38" hits="0"/></lines></class></classes></package><package name="crates/thalos-core/src/kinematics/jacobian" line-rate="0.9642857142857143" branch-rate="0" complexity="0"><classes><class name="geom" filename="crates/thalos-core/src/kinematics/jacobian/geom.rs" line-rate="1" branch-rate="0" complexity="0"><methods/><lines><line number="30" hits="14"/><line number="45" hits="14"/><line number="49" hits="14"/><line number="56" hits="1"/><line number="60" hits="1"/><line number="66" hits="11"/><line number="68" hits="13"/><line number="70" hits="28"/><line number="72" hits="35"/><line number="73" hits="52"/><line number="76" hits="17"/><line number="78" hits="35"/><line number="82" hits="35"/><line number="83" hits="35"/><line number="85" hits="18"/><line number="86" hits="18"/><line number="88" hits="18"/><line number="93" hits="41"/><line number="94" hits="58"/><line number="95" hits="69"/><line number="98" hits="46"/><line number="101" hits="47"/><line number="106" hits="46"/><line number="115" hits="20"/><line number="117" hits="26"/><line number="120" hits="20"/><line number="123" hits="26"/><line number="125" hits="21"/><line number="129" hits="55"/><line number="132" hits="32"/><line number="133" hits="24"/><line number="135" hits="21"/><line number="136" hits="33"/><line number="138" hits="22"/><line number="139" hits="22"/><line number="141" hits="23"/><line number="142" hits="21"/><line number="144" hits="21"/><line number="145" hits="21"/><line number="147" hits="21"/><line number="148" hits="20"/><line number="151" hits="13"/><line number="153" hits="14"/><line number="154" hits="20"/><line number="156" hits="16"/><line number="157" hits="10"/><line number="159" hits="18"/><line number="160" hits="12"/><line number="170" hits="43"/><line number="173" hits="19"/></lines></class><class name="jacobian" filename="crates/thalos-core/src/kinematics/jacobian/jacobian.rs" line-rate="0.9166666666666666" branch-rate="0" complexity="0"><methods/><lines><line number="15" hits="18"/><line number="26" hits="10"/><line number="30" hits="0"/><line number="34" hits="1"/><line number="35" hits="1"/><line number="42" hits="3"/><line number="43" hits="3"/><line number="44" hits="6"/><line number="45" hits="8"/><line number="46" hits="4"/><line number="47" hits="5"/><line number="50" hits="5"/></lines></class><class name="manipulability" filename="crates/thalos-core/src/kinematics/jacobian/manipulability.rs" line-rate="1" branch-rate="0" complexity="0"><methods/><lines><line number="27" hits="10"/><line number="28" hits="6"/><line number="30" hits="10"/><line number="35" hits="6"/><line number="41" hits="19"/><line number="42" hits="6"/><line number="44" hits="1"/></lines></class><class name="numerical" filename="crates/thalos-core/src/kinematics/jacobian/numerical.rs" line-rate="0.9583333333333334" branch-rate="0" complexity="0"><methods/><lines><line number="19" hits="1"/><line number="26" hits="0"/><line number="34" hits="1"/><line number="39" hits="1"/><line number="41" hits="1"/><line number="42" hits="1"/><line number="45" hits="1"/><line number="47" hits="1"/><line number="53" hits="1"/><line number="55" hits="1"/><line number="57" hits="1"/><line number="60" hits="2"/><line number="63" hits="2"/><line number="65" hits="1"/><line number="66" hits="1"/><line number="68" hits="2"/><line number="69" hits="1"/><line number="71" hits="1"/><line number="74" hits="1"/><line number="77" hits="2"/><line number="79" hits="2"/><line number="80" hits="2"/><line number="81" hits="1"/><line number="85" hits="2"/></lines></class><class name="singularity" filename="crates/thalos-core/src/kinematics/jacobian/singularity.rs" line-rate="0.8947368421052632" branch-rate="0" complexity="0"><methods/><lines><line number="15" hits="8"/><line number="16" hits="18"/><line number="20" hits="18"/><line number="22" hits="25"/><line number="23" hits="8"/><line number="26" hits="17"/><line number="27" hits="8"/><line number="30" hits="52"/><line number="33" hits="18"/><line number="34" hits="21"/><line number="35" hits="9"/><line number="36" hits="23"/><line number="37" hits="8"/><line number="39" hits="0"/><line number="41" hits="6"/><line number="43" hits="6"/><line number="45" hits="0"/><line number="51" hits="32"/><line number="53" hits="32"/></lines></class></classes></package><package name="crates/thalos-core/src/robot" line-rate="0.6610878661087866" branch-rate="0" complexity="0"><classes><class name="active_robot" filename="crates/thalos-core/src/robot/active_robot.rs" line-rate="1" branch-rate="0" complexity="0"><methods/><lines><line number="19" hits="9"/></lines></class><class name="adapter" filename="crates/thalos-core/src/robot/adapter.rs" line-rate="0.5725806451612904" branch-rate="0" complexity="0"><methods/><lines><line number="46" hits="2"/><line number="47" hits="2"/><line number="48" hits="0"/><line number="49" hits="0"/><line number="50" hits="2"/><line number="51" hits="2"/><line number="53" hits="0"/><line number="54" hits="0"/><line number="56" hits="0"/><line number="57" hits="0"/><line number="59" hits="0"/><line number="60" hits="0"/><line number="62" hits="0"/><line number="70" hits="0"/><line number="71" hits="0"/><line number="84" hits="4"/><line number="85" hits="4"/><line number="86" hits="7"/><line number="102" hits="1"/><line number="103" hits="1"/><line number="104" hits="1"/><line number="107" hits="0"/><line number="109" hits="0"/><line number="111" hits="0"/><line number="112" hits="0"/><line number="116" hits="0"/><line number="117" hits="0"/><line number="118" hits="0"/><line number="121" hits="0"/><line number="122" hits="0"/><line number="123" hits="0"/><line number="126" hits="0"/><line number="127" hits="0"/><line number="130" hits="0"/><line number="131" hits="0"/><line number="132" hits="0"/><line number="134" hits="0"/><line number="135" hits="0"/><line number="136" hits="0"/><line number="138" hits="0"/><line number="139" hits="0"/><line number="141" hits="0"/><line number="142" hits="0"/><line number="143" hits="0"/><line number="150" hits="0"/><line number="151" hits="0"/><line number="153" hits="0"/><line number="155" hits="0"/><line number="157" hits="0"/><line number="159" hits="0"/><line number="163" hits="0"/><line number="167" hits="0"/><line number="168" hits="0"/><line number="169" hits="0"/><line number="172" hits="0"/><line number="174" hits="0"/><line number="175" hits="0"/><line number="176" hits="0"/><line number="189" hits="20"/><line number="192" hits="14"/><line number="194" hits="32"/><line number="195" hits="2"/><line number="196" hits="2"/><line number="197" hits="2"/><line number="201" hits="15"/><line number="202" hits="0"/><line number="208" hits="13"/><line number="209" hits="11"/><line number="210" hits="7"/><line number="213" hits="23"/><line number="214" hits="23"/><line number="215" hits="16"/><line number="219" hits="19"/><line number="220" hits="28"/><line number="221" hits="18"/><line number="227" hits="40"/><line number="228" hits="18"/><line number="230" hits="36"/><line number="232" hits="19"/><line number="234" hits="21"/><line number="235" hits="18"/><line number="236" hits="0"/><line number="239" hits="23"/><line number="241" hits="21"/><line number="243" hits="22"/><line number="246" hits="12"/><line number="248" hits="12"/><line number="249" hits="13"/><line number="250" hits="12"/><line number="272" hits="6"/><line number="275" hits="6"/><line number="276" hits="8"/><line number="278" hits="14"/><line number="279" hits="0"/><line number="283" hits="14"/><line number="285" hits="19"/><line number="286" hits="9"/><line number="287" hits="4"/><line number="288" hits="17"/><line number="289" hits="7"/><line number="294" hits="7"/><line number="295" hits="6"/><line number="304" hits="18"/><line number="308" hits="21"/><line number="309" hits="17"/><line number="311" hits="21"/><line number="312" hits="17"/><line number="314" hits="14"/><line number="316" hits="48"/><line number="318" hits="15"/><line number="319" hits="1"/><line number="324" hits="25"/><line number="325" hits="3"/><line number="327" hits="0"/><line number="329" hits="23"/><line number="331" hits="14"/><line number="334" hits="22"/><line number="336" hits="4"/><line number="337" hits="0"/><line number="340" hits="4"/><line number="345" hits="21"/><line number="347" hits="2"/><line number="348" hits="1"/><line number="349" hits="1"/></lines></class><class name="builder" filename="crates/thalos-core/src/robot/builder.rs" line-rate="0.6896551724137931" branch-rate="0" complexity="0"><methods/><lines><line number="20" hits="20"/><line number="22" hits="31"/><line number="23" hits="21"/><line number="29" hits="0"/><line number="30" hits="0"/><line number="33" hits="23"/><line number="34" hits="33"/><line number="37" hits="0"/><line number="38" hits="0"/><line number="41" hits="35"/><line number="42" hits="29"/><line number="45" hits="27"/><line number="46" hits="37"/><line number="49" hits="29"/><line number="52" hits="51"/><line number="54" hits="47"/><line number="55" hits="19"/><line number="56" hits="0"/><line number="57" hits="0"/><line number="62" hits="73"/><line number="63" hits="0"/><line number="64" hits="0"/><line number="69" hits="108"/><line number="70" hits="19"/><line number="72" hits="19"/><line number="73" hits="0"/><line number="79" hits="46"/><line number="80" hits="46"/><line number="81" hits="24"/></lines></class><class name="link" filename="crates/thalos-core/src/robot/link.rs" line-rate="0.16666666666666666" branch-rate="0" complexity="0"><methods/><lines><line number="17" hits="16"/><line number="25" hits="0"/><line number="26" hits="0"/><line number="30" hits="0"/><line number="31" hits="0"/><line number="32" hits="0"/></lines></class><class name="segment" filename="crates/thalos-core/src/robot/segment.rs" line-rate="0.3333333333333333" branch-rate="0" complexity="0"><methods/><lines><line number="15" hits="15"/><line number="19" hits="0"/><line number="23" hits="0"/></lines></class><class name="serial_chain" filename="crates/thalos-core/src/robot/serial_chain.rs" line-rate="0.5555555555555556" branch-rate="0" complexity="0"><methods/><lines><line number="13" hits="0"/><line number="14" hits="0"/><line number="17" hits="24"/><line number="21" hits="0"/><line number="22" hits="0"/><line number="26" hits="24"/><line number="27" hits="74"/><line number="31" hits="5"/><line number="32" hits="5"/></lines></class><class name="state" filename="crates/thalos-core/src/robot/state.rs" line-rate="1" branch-rate="0" complexity="0"><methods/><lines><line number="12" hits="8"/><line number="17" hits="1"/><line number="18" hits="1"/><line number="21" hits="5"/><line number="22" hits="7"/></lines></class><class name="tool_frame" filename="crates/thalos-core/src/robot/tool_frame.rs" line-rate="1" branch-rate="0" complexity="0"><methods/><lines><line number="38" hits="14"/><line number="41" hits="14"/><line number="46" hits="3"/><line number="51" hits="3"/><line number="52" hits="3"/><line number="59" hits="2"/><line number="60" hits="4"/><line number="61" hits="3"/><line number="62" hits="2"/><line number="63" hits="2"/><line number="64" hits="2"/><line number="72" hits="2"/><line number="73" hits="6"/></lines></class></classes></package><package name="crates/thalos-core/src/analysis/workspace/tests" line-rate="0" branch-rate="0" complexity="0"><classes></classes></package><package name="crates/thalos-api/src/features/plan_analysis" line-rate="0.8452380952380952" branch-rate="0" complexity="0"><classes><class name="dto" filename="crates/thalos-api/src/features/plan_analysis/dto.rs" line-rate="0.7962962962962963" branch-rate="0" complexity="0"><methods/><lines><line number="58" hits="1"/><line number="59" hits="3"/><line number="60" hits="3"/><line number="62" hits="2"/><line number="63" hits="1"/><line number="64" hits="0"/><line number="65" hits="0"/><line number="67" hits="0"/><line number="71" hits="1"/><line number="72" hits="1"/><line number="73" hits="2"/><line number="74" hits="2"/><line number="75" hits="2"/><line number="76" hits="0"/><line number="78" hits="2"/><line number="79" hits="2"/><line number="81" hits="1"/><line number="82" hits="0"/><line number="83" hits="2"/><line number="84" hits="0"/><line number="85" hits="2"/><line number="86" hits="0"/><line number="87" hits="3"/><line number="88" hits="0"/><line number="90" hits="1"/><line number="94" hits="2"/><line number="95" hits="0"/><line number="96" hits="0"/><line number="99" hits="2"/><line number="166" hits="1"/><line number="167" hits="1"/><line number="168" hits="0"/><line number="169" hits="1"/><line number="170" hits="1"/><line number="173" hits="2"/><line number="174" hits="2"/><line number="175" hits="2"/><line number="176" hits="1"/><line number="180" hits="1"/><line number="181" hits="1"/><line number="182" hits="3"/><line number="183" hits="3"/><line number="184" hits="1"/><line number="192" hits="1"/><line number="194" hits="1"/><line number="195" hits="1"/><line number="196" hits="1"/><line number="197" hits="1"/><line number="198" hits="1"/><line number="204" hits="1"/><line number="206" hits="1"/><line number="207" hits="1"/><line number="208" hits="1"/><line number="209" hits="1"/></lines></class><class name="handler" filename="crates/thalos-api/src/features/plan_analysis/handler.rs" line-rate="0.9333333333333333" branch-rate="0" complexity="0"><methods/><lines><line number="25" hits="1"/><line number="29" hits="2"/><line number="32" hits="2"/><line number="35" hits="3"/><line number="36" hits="1"/><line number="37" hits="0"/><line number="38" hits="0"/><line number="44" hits="1"/><line number="48" hits="1"/><line number="49" hits="1"/><line number="51" hits="1"/><line number="52" hits="1"/><line number="53" hits="1"/><line number="54" hits="1"/><line number="55" hits="1"/><line number="56" hits="1"/><line number="58" hits="1"/><line number="59" hits="1"/><line number="60" hits="1"/><line number="61" hits="1"/><line number="62" hits="1"/><line number="63" hits="1"/><line number="64" hits="1"/><line number="65" hits="1"/><line number="67" hits="2"/><line number="68" hits="2"/><line number="69" hits="1"/><line number="71" hits="1"/><line number="72" hits="1"/><line number="73" hits="1"/></lines></class></classes></package><package name="crates/thalos-core/src/kinematics/forward" line-rate="0.9318181818181818" branch-rate="0" complexity="0"><classes><class name="forward" filename="crates/thalos-core/src/kinematics/forward/forward.rs" line-rate="1" branch-rate="0" complexity="0"><methods/><lines><line number="15" hits="29"/><line number="19" hits="14"/><line number="23" hits="14"/><line number="24" hits="8"/><line number="33" hits="17"/><line number="35" hits="23"/><line number="37" hits="17"/><line number="40" hits="33"/><line number="41" hits="23"/><line number="42" hits="33"/><line number="43" hits="17"/><line number="44" hits="30"/><line number="45" hits="17"/><line number="49" hits="17"/><line number="51" hits="29"/><line number="54" hits="59"/><line number="57" hits="62"/><line number="58" hits="21"/><line number="59" hits="32"/><line number="60" hits="24"/><line number="61" hits="38"/><line number="65" hits="50"/><line number="68" hits="22"/><line number="69" hits="29"/><line number="70" hits="30"/><line number="71" hits="21"/><line number="72" hits="30"/><line number="73" hits="21"/><line number="78" hits="30"/><line number="79" hits="21"/></lines></class><class name="result" filename="crates/thalos-core/src/kinematics/forward/result.rs" line-rate="0.7857142857142857" branch-rate="0" complexity="0"><methods/><lines><line number="13" hits="26"/><line number="20" hits="16"/><line number="21" hits="17"/><line number="24" hits="5"/><line number="25" hits="4"/><line number="28" hits="0"/><line number="32" hits="5"/><line number="33" hits="6"/><line number="36" hits="10"/><line number="37" hits="31"/><line number="43" hits="1"/><line number="44" hits="1"/><line number="50" hits="0"/><line number="51" hits="0"/></lines></class></classes></package><package name="crates/thalos-core/src/robot/joint" line-rate="0.8367346938775511" branch-rate="0" complexity="0"><classes><class name="fixed" filename="crates/thalos-core/src/robot/joint/fixed.rs" line-rate="0.25" branch-rate="0" complexity="0"><methods/><lines><line number="15" hits="19"/><line number="20" hits="0"/><line number="21" hits="0"/><line number="24" hits="0"/></lines></class><class name="joint" filename="crates/thalos-core/src/robot/joint/joint.rs" line-rate="0.868421052631579" branch-rate="0" complexity="0"><methods/><lines><line number="27" hits="35"/><line number="28" hits="41"/><line number="29" hits="36"/><line number="30" hits="19"/><line number="34" hits="21"/><line number="35" hits="21"/><line number="36" hits="21"/><line number="37" hits="8"/><line number="38" hits="0"/><line number="42" hits="3"/><line number="43" hits="4"/><line number="44" hits="3"/><line number="45" hits="1"/><line number="46" hits="0"/><line number="50" hits="21"/><line number="51" hits="31"/><line number="52" hits="22"/><line number="53" hits="18"/><line number="54" hits="0"/><line number="58" hits="29"/><line number="59" hits="50"/><line number="60" hits="34"/><line number="61" hits="11"/><line number="62" hits="15"/><line number="66" hits="19"/><line number="67" hits="23"/><line number="68" hits="19"/><line number="69" hits="5"/><line number="70" hits="0"/><line number="74" hits="26"/><line number="75" hits="19"/><line number="76" hits="26"/><line number="77" hits="6"/><line number="78" hits="0"/><line number="82" hits="17"/><line number="87" hits="22"/><line number="92" hits="23"/><line number="94" hits="19"/></lines></class><class name="prismatic" filename="crates/thalos-core/src/robot/joint/prismatic.rs" line-rate="1" branch-rate="0" complexity="0"><methods/><lines><line number="13" hits="13"/><line number="22" hits="10"/><line number="24" hits="19"/></lines></class><class name="revolute" filename="crates/thalos-core/src/robot/joint/revolute.rs" line-rate="1" branch-rate="0" complexity="0"><methods/><lines><line number="12" hits="29"/><line number="21" hits="32"/><line number="22" hits="22"/><line number="23" hits="38"/></lines></class></classes></package><package name="crates/thalos-core/src/kinematics/inverse" line-rate="0.9308176100628931" branch-rate="0" complexity="0"><classes><class name="result" filename="crates/thalos-core/src/kinematics/inverse/result.rs" line-rate="1" branch-rate="0" complexity="0"><methods/><lines><line number="9" hits="2"/><line number="10" hits="2"/><line number="25" hits="10"/><line number="41" hits="4"/></lines></class><class name="solver" filename="crates/thalos-core/src/kinematics/inverse/solver.rs" line-rate="1" branch-rate="0" complexity="0"><methods/><lines><line number="27" hits="3"/><line number="29" hits="4"/><line number="33" hits="3"/><line number="34" hits="3"/><line number="35" hits="5"/><line number="40" hits="4"/><line number="41" hits="3"/><line number="43" hits="3"/><line number="44" hits="3"/><line number="45" hits="4"/><line number="47" hits="3"/><line number="48" hits="8"/><line number="49" hits="4"/><line number="50" hits="4"/><line number="51" hits="4"/><line number="52" hits="4"/><line number="53" hits="3"/><line number="54" hits="3"/></lines></class></classes></package><package name="crates/thalos-core/src/models/cylindrical_rpp/tests" line-rate="0" branch-rate="0" complexity="0"><classes></classes></package><package name="crates/thalos-models/src" line-rate="0.717391304347826" branch-rate="0" complexity="0"><classes><class name="geometry" filename="crates/thalos-models/src/geometry.rs" line-rate="0.5714285714285714" branch-rate="0" complexity="0"><methods/><lines><line number="13" hits="9"/><line number="29" hits="2"/><line number="31" hits="4"/><line number="36" hits="0"/><line number="49" hits="1"/><line number="95" hits="0"/><line number="114" hits="0"/></lines></class><class name="graph" filename="crates/thalos-models/src/graph.rs" line-rate="0.9150943396226415" branch-rate="0" complexity="0"><methods/><lines><line number="100" hits="20"/><line number="101" hits="14"/><line number="102" hits="32"/><line number="104" hits="14"/><line number="105" hits="46"/><line number="106" hits="46"/><line number="108" hits="48"/><line number="110" hits="48"/><line number="111" hits="48"/><line number="112" hits="47"/><line number="116" hits="31"/><line number="117" hits="48"/><line number="118" hits="31"/><line number="119" hits="48"/><line number="121" hits="17"/><line number="123" hits="17"/><line number="124" hits="60"/><line number="128" hits="29"/><line number="129" hits="15"/><line number="130" hits="30"/><line number="131" hits="16"/><line number="132" hits="30"/><line number="133" hits="16"/><line number="135" hits="30"/><line number="136" hits="46"/><line number="138" hits="16"/><line number="139" hits="47"/><line number="141" hits="31"/><line number="142" hits="48"/><line number="144" hits="17"/><line number="145" hits="48"/><line number="147" hits="30"/><line number="150" hits="18"/><line number="153" hits="30"/><line number="154" hits="17"/><line number="155" hits="29"/><line number="156" hits="17"/><line number="157" hits="29"/><line number="158" hits="17"/><line number="161" hits="29"/><line number="162" hits="17"/><line number="163" hits="29"/><line number="164" hits="17"/><line number="167" hits="29"/><line number="169" hits="17"/><line number="188" hits="7"/><line number="189" hits="17"/><line number="193" hits="1"/><line number="194" hits="1"/><line number="198" hits="12"/><line number="199" hits="22"/><line number="203" hits="0"/><line number="204" hits="0"/><line number="208" hits="6"/><line number="209" hits="10"/><line number="213" hits="1"/><line number="214" hits="1"/><line number="215" hits="1"/><line number="217" hits="0"/><line number="222" hits="0"/><line number="223" hits="0"/><line number="227" hits="13"/><line number="228" hits="17"/><line number="232" hits="7"/><line number="233" hits="17"/><line number="237" hits="18"/><line number="238" hits="22"/><line number="250" hits="13"/><line number="251" hits="14"/><line number="252" hits="14"/><line number="254" hits="0"/><line number="257" hits="14"/><line number="258" hits="14"/><line number="259" hits="15"/><line number="261" hits="30"/><line number="262" hits="0"/><line number="265" hits="13"/><line number="269" hits="4"/><line number="270" hits="4"/><line number="271" hits="3"/><line number="272" hits="2"/><line number="278" hits="16"/><line number="286" hits="13"/><line number="288" hits="16"/><line number="289" hits="16"/><line number="292" hits="12"/><line number="293" hits="0"/><line number="294" hits="0"/><line number="297" hits="27"/><line number="299" hits="30"/><line number="300" hits="17"/><line number="302" hits="13"/><line number="303" hits="14"/><line number="306" hits="1"/><line number="310" hits="7"/><line number="311" hits="1"/><line number="312" hits="7"/><line number="316" hits="5"/><line number="317" hits="9"/><line number="318" hits="22"/><line number="325" hits="8"/><line number="326" hits="6"/><line number="328" hits="22"/><line number="329" hits="6"/><line number="330" hits="10"/><line number="331" hits="6"/></lines></class><class name="joint" filename="crates/thalos-models/src/joint.rs" line-rate="0.3142857142857143" branch-rate="0" complexity="0"><methods/><lines><line number="28" hits="8"/><line number="29" hits="6"/><line number="33" hits="0"/><line number="34" hits="0"/><line number="35" hits="0"/><line number="36" hits="0"/><line number="37" hits="0"/><line number="38" hits="0"/><line number="44" hits="2"/><line number="45" hits="2"/><line number="46" hits="1"/><line number="47" hits="0"/><line number="48" hits="1"/><line number="49" hits="0"/><line number="50" hits="1"/><line number="51" hits="0"/><line number="81" hits="29"/><line number="92" hits="0"/><line number="105" hits="6"/><line number="106" hits="12"/><line number="107" hits="0"/><line number="109" hits="6"/><line number="116" hits="0"/><line number="117" hits="0"/><line number="118" hits="0"/><line number="120" hits="0"/><line number="121" hits="0"/><line number="122" hits="0"/><line number="124" hits="0"/><line number="125" hits="0"/><line number="126" hits="0"/><line number="128" hits="0"/><line number="175" hits="0"/><line number="177" hits="0"/><line number="178" hits="0"/></lines></class><class name="link" filename="crates/thalos-models/src/link.rs" line-rate="1" branch-rate="0" complexity="0"><methods/><lines><line number="51" hits="52"/><line number="53" hits="51"/><line number="55" hits="52"/><line number="56" hits="51"/></lines></class><class name="material" filename="crates/thalos-models/src/material.rs" line-rate="0.16666666666666666" branch-rate="0" complexity="0"><methods/><lines><line number="11" hits="2"/><line number="27" hits="0"/><line number="29" hits="0"/><line number="35" hits="0"/><line number="36" hits="0"/><line number="37" hits="0"/></lines></class><class name="robot" filename="crates/thalos-models/src/robot.rs" line-rate="0.38461538461538464" branch-rate="0" complexity="0"><methods/><lines><line number="42" hits="46"/><line number="44" hits="19"/><line number="45" hits="52"/><line number="46" hits="19"/><line number="47" hits="52"/><line number="48" hits="19"/><line number="53" hits="51"/><line number="54" hits="71"/><line number="58" hits="13"/><line number="59" hits="69"/><line number="63" hits="0"/><line number="64" hits="0"/><line number="72" hits="0"/><line number="75" hits="0"/><line number="77" hits="0"/><line number="78" hits="0"/><line number="80" hits="0"/><line number="81" hits="0"/><line number="82" hits="0"/><line number="85" hits="0"/><line number="86" hits="0"/><line number="88" hits="0"/><line number="89" hits="0"/><line number="91" hits="0"/><line number="92" hits="0"/><line number="96" hits="0"/></lines></class></classes></package><package name="crates/thalos-api/src/app" line-rate="0.6" branch-rate="0" complexity="0"><classes><class name="error" filename="crates/thalos-api/src/app/error.rs" line-rate="0.3333333333333333" branch-rate="0" complexity="0"><methods/><lines><line number="41" hits="1"/><line number="42" hits="1"/><line number="43" hits="2"/><line number="45" hits="1"/><line number="46" hits="1"/><line number="47" hits="1"/><line number="51" hits="0"/><line number="53" hits="0"/><line number="59" hits="0"/><line number="61" hits="0"/><line number="67" hits="0"/><line number="69" hits="0"/><line number="75" hits="0"/><line number="77" hits="0"/><line number="83" hits="0"/><line number="85" hits="0"/><line number="86" hits="0"/><line number="87" hits="0"/></lines></class><class name="state" filename="crates/thalos-api/src/app/state.rs" line-rate="1" branch-rate="0" complexity="0"><methods/><lines><line number="29" hits="28"/><line number="30" hits="14"/><line number="32" hits="3"/><line number="33" hits="14"/><line number="36" hits="16"/><line number="37" hits="29"/><line number="38" hits="3"/><line number="39" hits="19"/><line number="42" hits="3"/><line number="45" hits="14"/><line number="46" hits="2"/><line number="49" hits="14"/></lines></class></classes></package><package name="crates/thalos-core/src/models/spherical_polar_rrp" line-rate="0.8" branch-rate="0" complexity="0"><classes><class name="factory" filename="crates/thalos-core/src/models/spherical_polar_rrp/factory.rs" line-rate="1" branch-rate="0" complexity="0"><methods/><lines><line number="7" hits="4"/><line number="13" hits="4"/><line number="15" hits="8"/><line number="16" hits="4"/><line number="17" hits="4"/><line number="21" hits="4"/><line number="25" hits="4"/><line number="28" hits="5"/><line number="30" hits="4"/><line number="37" hits="5"/><line number="41" hits="5"/><line number="44" hits="4"/><line number="46" hits="5"/><line number="53" hits="5"/><line number="57" hits="5"/><line number="60" hits="5"/><line number="62" hits="5"/><line number="67" hits="5"/><line number="68" hits="5"/></lines></class><class name="spec" filename="crates/thalos-core/src/models/spherical_polar_rrp/spec.rs" line-rate="0.45454545454545453" branch-rate="0" complexity="0"><methods/><lines><line number="17" hits="0"/><line number="22" hits="2"/><line number="25" hits="3"/><line number="33" hits="1"/><line number="34" hits="5"/><line number="35" hits="4"/><line number="39" hits="0"/><line number="40" hits="0"/><line number="42" hits="0"/><line number="43" hits="0"/><line number="44" hits="0"/></lines></class></classes></package><package name="crates/thalos-core/src/math/traits/products" line-rate="0" branch-rate="0" complexity="0"><classes></classes></package><package name="crates/thalos-api/src/features/motion" line-rate="1" branch-rate="0" complexity="0"><classes><class name="handler" filename="crates/thalos-api/src/features/motion/handler.rs" line-rate="1" branch-rate="0" complexity="0"><methods/><lines><line number="19" hits="2"/><line number="23" hits="14"/><line number="26" hits="2"/><line number="27" hits="2"/><line number="28" hits="2"/><line number="29" hits="1"/><line number="31" hits="6"/><line number="33" hits="5"/><line number="41" hits="1"/><line number="45" hits="2"/><line number="46" hits="2"/><line number="47" hits="2"/><line number="49" hits="1"/><line number="50" hits="1"/><line number="52" hits="11"/><line number="53" hits="3"/><line number="56" hits="3"/><line number="57" hits="3"/><line number="61" hits="6"/><line number="63" hits="4"/></lines></class></classes></package><package name="crates/thalos-api/src/features/workspace" line-rate="0.21893491124260356" branch-rate="0" complexity="0"><classes><class name="dto" filename="crates/thalos-api/src/features/workspace/dto.rs" line-rate="0.37209302325581395" branch-rate="0" complexity="0"><methods/><lines><line number="33" hits="0"/><line number="34" hits="0"/><line number="51" hits="1"/><line number="52" hits="1"/><line number="76" hits="1"/><line number="78" hits="1"/><line number="79" hits="1"/><line number="80" hits="1"/><line number="81" hits="1"/><line number="86" hits="1"/><line number="114" hits="0"/><line number="136" hits="0"/><line number="138" hits="0"/><line number="139" hits="0"/><line number="140" hits="0"/><line number="141" hits="0"/><line number="142" hits="0"/><line number="143" hits="0"/><line number="144" hits="0"/><line number="145" hits="0"/><line number="157" hits="0"/><line number="159" hits="0"/><line number="164" hits="0"/><line number="207" hits="0"/><line number="209" hits="0"/><line number="210" hits="0"/><line number="211" hits="0"/><line number="212" hits="0"/><line number="213" hits="0"/><line number="214" hits="0"/><line number="215" hits="0"/><line number="228" hits="0"/><line num
[...]
"/><line number="137" hits="0"/><line number="139" hits="0"/><line number="140" hits="0"/><line number="141" hits="0"/><line number="143" hits="0"/><line number="144" hits="0"/><line number="145" hits="0"/><line number="146" hits="0"/><line number="147" hits="0"/><line number="148" hits="0"/><line number="149" hits="0"/><line number="155" hits="1"/><line number="156" hits="1"/><line number="158" hits="2"/><line number="159" hits="1"/><line number="160" hits="0"/><line number="161" hits="0"/><line number="162" hits="0"/><line number="163" hits="0"/><line number="164" hits="0"/><line number="165" hits="0"/><line number="173" hits="1"/><line number="174" hits="1"/></lines></class><class name="robot_command" filename="crates/thalos-runtime/src/robot_command.rs" line-rate="0.7692307692307693" branch-rate="0" complexity="0"><methods/><lines><line number="31" hits="3"/><line number="32" hits="3"/><line number="33" hits="1"/><line number="34" hits="2"/><line number="36" hits="3"/><line number="39" hits="1"/><line number="40" hits="2"/><line number="41" hits="1"/><line number="44" hits="1"/><line number="45" hits="0"/><line number="46" hits="0"/><line number="47" hits="1"/><line number="48" hits="0"/></lines></class></classes></package><package name="crates/thalos-math/src/algebra" line-rate="0.660377358490566" branch-rate="0" complexity="0"><classes><class name="dynamic_matrix" filename="crates/thalos-math/src/algebra/dynamic_matrix.rs" line-rate="0.711864406779661" branch-rate="0" complexity="0"><methods/><lines><line number="14" hits="20"/><line number="15" hits="19"/><line number="19" hits="10"/><line number="20" hits="14"/><line number="21" hits="6"/><line number="25" hits="19"/><line number="26" hits="12"/><line number="30" hits="20"/><line number="31" hits="11"/><line number="35" hits="7"/><line number="36" hits="12"/><line number="41" hits="5"/><line number="42" hits="13"/><line number="47" hits="6"/><line number="48" hits="14"/><line number="52" hits="1"/><line number="53" hits="1"/><line number="58" hits="11"/><line number="59" hits="19"/><line number="60" hits="29"/><line number="64" hits="0"/><line number="69" hits="0"/><line number="70" hits="0"/><line number="79" hits="11"/><line number="80" hits="7"/><line number="85" hits="57"/><line number="86" hits="22"/><line number="96" hits="1"/><line number="97" hits="1"/><line number="105" hits="1"/><line number="106" hits="1"/><line number="114" hits="12"/><line number="115" hits="18"/><line number="123" hits="0"/><line number="124" hits="0"/><line number="132" hits="7"/><line number="133" hits="12"/><line number="141" hits="1"/><line number="142" hits="2"/><line number="150" hits="0"/><line number="151" hits="0"/><line number="159" hits="1"/><line number="160" hits="1"/><line number="168" hits="12"/><line number="169" hits="6"/><line number="176" hits="0"/><line number="177" hits="0"/><line number="185" hits="12"/><line number="186" hits="5"/><line number="194" hits="0"/><line number="195" hits="0"/><line number="203" hits="0"/><line number="204" hits="0"/><line number="212" hits="0"/><line number="213" hits="0"/><line number="221" hits="0"/><line number="222" hits="0"/><line number="229" hits="6"/><line number="230" hits="6"/></lines></class><class name="dynamic_vector" filename="crates/thalos-math/src/algebra/dynamic_vector.rs" line-rate="0.5777777777777777" branch-rate="0" complexity="0"><methods/><lines><line number="12" hits="6"/><line number="13" hits="4"/><line number="17" hits="11"/><line number="18" hits="6"/><line number="22" hits="16"/><line number="23" hits="14"/><line number="27" hits="2"/><line number="28" hits="2"/><line number="32" hits="0"/><line number="33" hits="0"/><line number="37" hits="4"/><line number="38" hits="4"/><line number="42" hits="0"/><line number="43" hits="0"/><line number="47" hits="6"/><line number="48" hits="13"/><line number="52" hits="0"/><line number="53" hits="0"/><line number="57" hits="0"/><line number="62" hits="7"/><line number="63" hits="12"/><line number="72" hits="11"/><line number="73" hits="14"/><line number="78" hits="8"/><line number="79" hits="11"/><line number="88" hits="2"/><line number="89" hits="2"/><line number="96" hits="0"/><line number="97" hits="0"/><line number="102" hits="12"/><line number="103" hits="8"/><line number="108" hits="0"/><line number="109" hits="0"/><line number="116" hits="0"/><line number="117" hits="0"/><line number="124" hits="0"/><line number="125" hits="0"/><line number="133" hits="1"/><line number="134" hits="1"/><line number="142" hits="3"/><line number="143" hits="3"/><line number="150" hits="0"/><line number="151" hits="0"/><line number="158" hits="0"/><line number="159" hits="0"/></lines></class><class name="mod" filename="crates/thalos-math/src/algebra/mod.rs" line-rate="1" branch-rate="0" complexity="0"><methods/><lines><line number="8" hits="11"/><line number="9" hits="6"/></lines></class></classes></package><package name="crates/thalos-core/src/analysis/singularity" line-rate="1" branch-rate="0" complexity="0"><classes><class name="analyzer" filename="crates/thalos-core/src/analysis/singularity/analyzer.rs" line-rate="1" branch-rate="0" complexity="0"><methods/><lines><line number="14" hits="2"/><line number="22" hits="4"/><line number="23" hits="2"/><line number="24" hits="2"/><line number="27" hits="2"/><line number="30" hits="2"/><line number="33" hits="5"/><line number="35" hits="3"/><line number="36" hits="3"/><line number="38" hits="3"/><line number="44" hits="2"/><line number="49" hits="2"/><line number="50" hits="3"/><line number="51" hits="1"/><line number="53" hits="2"/><line number="54" hits="2"/><line number="56" hits="2"/></lines></class><class name="report" filename="crates/thalos-core/src/analysis/singularity/report.rs" line-rate="1" branch-rate="0" complexity="0"><methods/><lines><line number="31" hits="3"/><line number="33" hits="3"/><line number="34" hits="1"/><line number="38" hits="2"/><line number="39" hits="1"/><line number="42" hits="1"/><line number="44" hits="3"/><line number="45" hits="2"/><line number="46" hits="4"/><line number="47" hits="3"/><line number="48" hits="3"/><line number="49" hits="2"/><line number="50" hits="3"/><line number="51" hits="2"/><line number="52" hits="3"/><line number="54" hits="4"/><line number="55" hits="3"/><line number="56" hits="2"/><line number="57" hits="4"/><line number="58" hits="4"/><line number="61" hits="3"/><line number="62" hits="3"/><line number="70" hits="4"/><line number="71" hits="2"/><line number="72" hits="5"/><line number="73" hits="3"/><line number="75" hits="6"/><line number="76" hits="2"/><line number="80" hits="1"/><line number="83" hits="2"/><line number="88" hits="8"/><line number="91" hits="3"/><line number="92" hits="3"/><line number="94" hits="1"/><line number="97" hits="3"/><line number="98" hits="3"/><line number="100" hits="1"/><line number="109" hits="5"/><line number="122" hits="2"/><line number="123" hits="7"/><line number="127" hits="3"/><line number="128" hits="3"/></lines></class></classes></package><package name="crates/thalos-planning/src/analysis" line-rate="0.6178343949044586" branch-rate="0" complexity="0"><classes><class name="mod" filename="crates/thalos-planning/src/analysis/mod.rs" line-rate="0.6178343949044586" branch-rate="0" complexity="0"><methods/><lines><line number="87" hits="1"/><line number="89" hits="1"/><line number="90" hits="1"/><line number="94" hits="2"/><line number="97" hits="2"/><line number="98" hits="2"/><line number="102" hits="2"/><line number="103" hits="2"/><line number="107" hits="0"/><line number="108" hits="0"/><line number="111" hits="0"/><line number="159" hits="8"/><line number="160" hits="0"/><line number="161" hits="9"/><line number="162" hits="27"/><line number="163" hits="9"/><line number="177" hits="2"/><line number="178" hits="2"/><line number="179" hits="2"/><line number="180" hits="2"/><line number="183" hits="0"/><line number="184" hits="0"/><line number="185" hits="0"/><line number="186" hits="0"/><line number="190" hits="8"/><line number="191" hits="8"/><line number="192" hits="9"/><line number="193" hits="9"/><line number="194" hits="9"/><line number="195" hits="9"/><line number="196" hits="9"/><line number="197" hits="9"/><line number="198" hits="9"/><line number="200" hits="26"/><line number="201" hits="18"/><line number="202" hits="18"/><line number="206" hits="18"/><line number="207" hits="9"/><line number="209" hits="18"/><line number="210" hits="18"/><line number="211" hits="18"/><line number="213" hits="9"/><line number="215" hits="13"/><line number="216" hits="2"/><line number="218" hits="12"/><line number="221" hits="4"/><line number="222" hits="8"/><line number="223" hits="4"/><line number="225" hits="18"/><line number="228" hits="18"/><line number="229" hits="2"/><line number="230" hits="2"/><line number="231" hits="4"/><line number="232" hits="2"/><line number="235" hits="2"/><line number="236" hits="4"/><line number="237" hits="0"/><line number="238" hits="0"/><line number="239" hits="0"/><line number="240" hits="0"/><line number="244" hits="0"/><line number="245" hits="0"/><line number="246" hits="0"/><line number="247" hits="0"/><line number="249" hits="0"/><line number="250" hits="0"/><line number="255" hits="2"/><line number="257" hits="0"/><line number="258" hits="0"/><line number="262" hits="2"/><line number="263" hits="0"/><line number="264" hits="0"/><line number="267" hits="2"/><line number="269" hits="7"/><line number="272" hits="8"/><line number="273" hits="0"/><line number="274" hits="8"/><line number="275" hits="8"/><line number="276" hits="8"/><line number="277" hits="8"/><line number="278" hits="8"/><line number="283" hits="8"/><line number="284" hits="0"/><line number="285" hits="0"/><line number="287" hits="0"/><line number="290" hits="9"/><line number="294" hits="6"/><line number="295" hits="3"/><line number="296" hits="6"/><line number="301" hits="3"/><line number="308" hits="12"/><line number="314" hits="3"/><line number="315" hits="6"/><line number="319" hits="3"/><line number="322" hits="6"/><line number="323" hits="3"/><line number="324" hits="6"/><line number="326" hits="8"/><line number="327" hits="14"/><line number="328" hits="12"/><line number="330" hits="2"/><line number="331" hits="0"/><line number="332" hits="0"/><line number="333" hits="2"/><line number="334" hits="2"/><line number="335" hits="4"/><line number="336" hits="0"/><line number="343" hits="5"/><line number="344" hits="5"/><line number="345" hits="2"/><line number="346" hits="2"/><line number="347" hits="0"/><line number="348" hits="0"/><line number="349" hits="2"/><line number="350" hits="4"/><line number="351" hits="2"/><line number="352" hits="0"/><line number="354" hits="2"/><line number="355" hits="1"/><line number="356" hits="0"/><line number="357" hits="0"/><line number="358" hits="1"/><line number="359" hits="1"/><line number="360" hits="1"/><line number="361" hits="0"/><line number="368" hits="2"/><line number="369" hits="0"/><line number="370" hits="0"/><line number="371" hits="0"/><line number="372" hits="0"/><line number="373" hits="0"/><line number="374" hits="0"/><line number="375" hits="0"/><line number="377" hits="0"/><line number="378" hits="0"/><line number="380" hits="2"/><line number="381" hits="0"/><line number="382" hits="0"/><line number="383" hits="0"/><line number="384" hits="0"/><line number="385" hits="0"/><line number="386" hits="0"/><line number="387" hits="0"/><line number="388" hits="0"/><line number="394" hits="4"/><line number="395" hits="0"/><line number="396" hits="0"/><line number="397" hits="0"/><line number="398" hits="0"/><line number="399" hits="0"/><line number="400" hits="0"/><line number="401" hits="0"/><line number="405" hits="2"/><line number="406" hits="2"/><line number="407" hits="0"/><line number="408" hits="2"/><line number="409" hits="2"/></lines></class></classes></package><package name="crates/thalos-planning/src/trajectory" line-rate="0" branch-rate="0" complexity="0"><classes></classes></package><package name="crates/thalos-runtime/src/commands" line-rate="0.9425287356321839" branch-rate="0" complexity="0"><classes><class name="dispatch" filename="crates/thalos-runtime/src/commands/dispatch.rs" line-rate="0.9411764705882353" branch-rate="0" complexity="0"><methods/><lines><line number="51" hits="5"/><line number="52" hits="3"/><line number="53" hits="3"/><line number="54" hits="3"/><line number="55" hits="3"/><line number="56" hits="0"/><line number="58" hits="0"/><line number="61" hits="3"/><line number="62" hits="3"/><line number="64" hits="3"/><line number="65" hits="3"/><line number="66" hits="3"/><line number="67" hits="3"/><line number="68" hits="3"/><line number="69" hits="3"/><line number="70" hits="3"/><line number="71" hits="3"/><line number="72" hits="3"/><line number="74" hits="1"/><line number="75" hits="1"/><line number="76" hits="3"/><line number="78" hits="1"/><line number="79" hits="1"/><line number="81" hits="1"/><line number="82" hits="1"/><line number="83" hits="1"/><line number="84" hits="1"/><line number="85" hits="1"/><line number="86" hits="1"/><line number="88" hits="2"/><line number="89" hits="3"/><line number="90" hits="4"/><line number="91" hits="5"/><line number="92" hits="2"/></lines></class><class name="kinematics" filename="crates/thalos-runtime/src/commands/kinematics.rs" line-rate="1" branch-rate="0" complexity="0"><methods/><lines><line number="21" hits="6"/><line number="22" hits="1"/><line number="23" hits="4"/><line number="24" hits="1"/><line number="26" hits="2"/><line number="27" hits="2"/></lines></class><class name="motion" filename="crates/thalos-runtime/src/commands/motion.rs" line-rate="0.9361702127659575" branch-rate="0" complexity="0"><methods/><lines><line number="31" hits="3"/><line number="32" hits="3"/><line number="33" hits="3"/><line number="37" hits="3"/><line number="77" hits="2"/><line number="78" hits="3"/><line number="79" hits="0"/><line number="80" hits="0"/><line number="81" hits="0"/><line number="84" hits="2"/><line number="90" hits="3"/><line number="91" hits="5"/><line number="92" hits="2"/><line number="93" hits="2"/><line number="94" hits="6"/><line number="96" hits="3"/><line number="97" hits="3"/><line number="101" hits="3"/><line number="103" hits="6"/><line number="104" hits="3"/><line number="105" hits="5"/><line number="106" hits="3"/><line number="108" hits="5"/><line number="113" hits="22"/><line number="114" hits="8"/><line number="115" hits="8"/><line number="116" hits="5"/><line number="118" hits="7"/><line number="121" hits="2"/><line number="129" hits="3"/><line number="130" hits="2"/><line number="134" hits="3"/><line number="135" hits="2"/><line number="136" hits="3"/><line number="138" hits="4"/><line number="139" hits="4"/><line number="140" hits="4"/><line number="145" hits="4"/><line number="146" hits="2"/><line number="147" hits="2"/><line number="151" hits="4"/><line number="152" hits="4"/><line number="153" hits="4"/><line number="155" hits="6"/><line number="157" hits="2"/><line number="158" hits="2"/><line number="160" hits="2"/></lines></class></classes></package><package name="crates/thalos-core/src/models/cylindrical_rpp" line-rate="0.8" branch-rate="0" complexity="0"><classes><class name="factory" filename="crates/thalos-core/src/models/cylindrical_rpp/factory.rs" line-rate="1" branch-rate="0" complexity="0"><methods/><lines><line number="7" hits="1"/><line number="13" hits="1"/><line number="15" hits="2"/><line number="16" hits="1"/><line number="17" hits="2"/><line number="21" hits="2"/><line number="25" hits="2"/><line number="28" hits="3"/><line number="30" hits="1"/><line number="37" hits="1"/><line number="41" hits="3"/><line number="44" hits="2"/><line number="46" hits="1"/><line number="53" hits="1"/><line number="57" hits="1"/><line number="60" hits="1"/><line number="62" hits="2"/><line number="67" hits="3"/><line number="68" hits="1"/></lines></class><class name="spec" filename="crates/thalos-core/src/models/cylindrical_rpp/spec.rs" line-rate="0.45454545454545453" branch-rate="0" complexity="0"><methods/><lines><line number="17" hits="0"/><line number="22" hits="1"/><line number="25" hits="1"/><line number="33" hits="1"/><line number="34" hits="1"/><line number="35" hits="1"/><line number="39" hits="0"/><line number="40" hits="0"/><line number="42" hits="0"/><line number="43" hits="0"/><line number="44" hits="0"/></lines></class></classes></package><package name="crates/thalos-planning/src/advisor" line-rate="0.7454545454545455" branch-rate="0" complexity="0"><classes><class name="mod" filename="crates/thalos-planning/src/advisor/mod.rs" line-rate="0.7454545454545455" branch-rate="0" complexity="0"><methods/><lines><line number="30" hits="1"/><line number="31" hits="1"/><line number="32" hits="0"/><line number="33" hits="1"/><line number="34" hits="1"/><line number="35" hits="0"/><line number="36" hits="1"/><line number="37" hits="1"/><line number="38" hits="0"/><line number="52" hits="1"/><line number="53" hits="1"/><line number="54" hits="0"/><line number="55" hits="1"/><line number="56" hits="1"/><line number="81" hits="4"/><line number="82" hits="4"/><line number="84" hits="8"/><line number="85" hits="5"/><line number="88" hits="2"/><line number="91" hits="3"/><line number="92" hits="3"/><line number="94" hits="4"/><line number="95" hits="2"/><line number="97" hits="2"/><line number="99" hits="4"/><line number="102" hits="2"/><line number="104" hits="2"/><line number="106" hits="2"/><line number="108" hits="2"/><line number="114" hits="2"/><line number="115" hits="1"/><line number="117" hits="1"/><line number="119" hits="2"/><line number="122" hits="1"/><line number="124" hits="1"/><line number="126" hits="1"/><line number="128" hits="1"/><line number="134" hits="2"/><line number="136" hits="1"/><line number="138" hits="4"/><line number="141" hits="1"/><line number="146" hits="2"/><line number="148" hits="1"/><line number="150" hits="4"/><line number="153" hits="1"/><line number="158" hits="0"/><line number="160" hits="0"/><line number="162" hits="0"/><line number="165" hits="0"/><line number="170" hits="0"/><line number="172" hits="0"/><line number="174" hits="0"/><line number="179" hits="0"/><line number="181" hits="0"/><line number="183" hits="0"/></lines></class></classes></package><package name="crates/thalos-core/src/models/spherical_polar_rrp/tests" line-rate="0" branch-rate="0" complexity="0"><classes></classes></package><package name="crates/thalos-core/src/models/manipulator_3dof" line-rate="0.8" branch-rate="0" complexity="0"><classes><class name="factory" filename="crates/thalos-core/src/models/manipulator_3dof/factory.rs" line-rate="1" branch-rate="0" complexity="0"><methods/><lines><line number="3" hits="1"/><line number="11" hits="1"/><line number="13" hits="2"/><line number="14" hits="1"/><line number="15" hits="1"/><line number="20" hits="1"/><line number="24" hits="1"/><line number="27" hits="1"/><line number="29" hits="1"/><line number="36" hits="1"/><line number="40" hits="1"/><line number="43" hits="1"/><line number="45" hits="1"/><line number="52" hits="1"/><line number="56" hits="1"/><line number="59" hits="1"/><line number="61" hits="1"/><line number="66" hits="1"/><line number="67" hits="1"/></lines></class><class name="spec" filename="crates/thalos-core/src/models/manipulator_3dof/spec.rs" line-rate="0.45454545454545453" branch-rate="0" complexity="0"><methods/><lines><line number="18" hits="0"/><line number="23" hits="3"/><line number="28" hits="4"/><line number="36" hits="1"/><line number="37" hits="1"/><line number="38" hits="1"/><line number="42" hits="0"/><line number="43" hits="0"/><line number="45" hits="0"/><line number="46" hits="0"/><line number="47" hits="0"/></lines></class></classes></package><package name="crates/thalos-core/benches" line-rate="0" branch-rate="0" complexity="0"><classes></classes></package></packages></coverage>